Fitting 3 folds for each of 36 candidates, totalling 108 fits
[CV 1/3] END algorithm=kd_tree, eps=0.1, min_samples=1;, score=0.381 total time=   0.1s
[CV 2/3] END algorithm=kd_tree, eps=0.1, min_samples=1;, score=0.139 total time=   0.1s
[CV 3/3] END algorithm=kd_tree, eps=0.1, min_samples=1;, score=0.173 total time=   0.1s
[CV 1/3] END algorithm=kd_tree, eps=0.1, min_samples=3;, score=0.379 total time=   0.1s
[CV 2/3] END algorithm=kd_tree, eps=0.1, min_samples=3;, score=0.139 total time=   0.1s
[CV 3/3] END algorithm=kd_tree, eps=0.1, min_samples=3;, score=0.173 total time=   0.1s
[CV 1/3] END algorithm=kd_tree, eps=0.1, min_samples=5;, score=0.368 total time=   0.1s
[CV 2/3] END algorithm=kd_tree, eps=0.1, min_samples=5;, score=0.123 total time=   0.1s
[CV 3/3] END algorithm=kd_tree, eps=0.1, min_samples=5;, score=0.164 total time=   0.1s
[CV 1/3] END algorithm=kd_tree, eps=0.3, min_samples=1;, score=0.246 total time=   0.2s
[CV 2/3] END algorithm=kd_tree, eps=0.3, min_samples=1;, score=0.190 total time=   0.2s
[CV 3/3] END algorithm=kd_tree, eps=0.3, min_samples=1;, score=0.235 total time=   0.2s
[CV 1/3] END algorithm=kd_tree, eps=0.3, min_samples=3;, score=0.246 total time=   0.2s
[CV 2/3] END algorithm=kd_tree, eps=0.3, min_samples=3;, score=0.190 total time=   0.2s
[CV 3/3] END algorithm=kd_tree, eps=0.3, min_samples=3;, score=0.235 total time=   0.2s
[CV 1/3] END algorithm=kd_tree, eps=0.3, min_samples=5;, score=0.258 total time=   0.2s
[CV 2/3] END algorithm=kd_tree, eps=0.3, min_samples=5;, score=0.190 total time=   0.2s
[CV 3/3] END algorithm=kd_tree, eps=0.3, min_samples=5;, score=0.226 total time=   0.2s
[CV 1/3] END algorithm=kd_tree, eps=0.5, min_samples=1;, score=0.171 total time=   0.2s
[CV 2/3] END algorithm=kd_tree, eps=0.5, min_samples=1;, score=0.193 total time=   0.2s
[CV 3/3] END algorithm=kd_tree, eps=0.5, min_samples=1;, score=0.239 total time=   0.2s
[CV 1/3] END algorithm=kd_tree, eps=0.5, min_samples=3;, score=0.171 total time=   0.2s
[CV 2/3] END algorithm=kd_tree, eps=0.5, min_samples=3;, score=0.193 total time=   0.2s
[CV 3/3] END algorithm=kd_tree, eps=0.5, min_samples=3;, score=0.239 total time=   0.2s
[CV 1/3] END algorithm=kd_tree, eps=0.5, min_samples=5;, score=0.171 total time=   0.2s
[CV 2/3] END algorithm=kd_tree, eps=0.5, min_samples=5;, score=0.193 total time=   0.2s
[CV 3/3] END algorithm=kd_tree, eps=0.5, min_samples=5;, score=0.239 total time=   0.2s
[CV 1/3] END algorithm=kd_tree, eps=1, min_samples=1;, score=0.080 total time=   0.3s
[CV 2/3] END algorithm=kd_tree, eps=1, min_samples=1;, score=0.256 total time=   0.3s
[CV 3/3] END algorithm=kd_tree, eps=1, min_samples=1;, score=0.230 total time=   0.4s
[CV 1/3] END algorithm=kd_tree, eps=1, min_samples=3;, score=0.080 total time=   0.3s
[CV 2/3] END algorithm=kd_tree, eps=1, min_samples=3;, score=0.256 total time=   0.3s
[CV 3/3] END algorithm=kd_tree, eps=1, min_samples=3;, score=0.230 total time=   0.4s
[CV 1/3] END algorithm=kd_tree, eps=1, min_samples=5;, score=0.080 total time=   0.3s
[CV 2/3] END algorithm=kd_tree, eps=1, min_samples=5;, score=0.256 total time=   0.3s
[CV 3/3] END algorithm=kd_tree, eps=1, min_samples=5;, score=0.230 total time=   0.3s
[CV 1/3] END algorithm=ball_tree, eps=0.1, min_samples=1;, score=0.381 total time=   0.1s
[CV 2/3] END algorithm=ball_tree, eps=0.1, min_samples=1;, score=0.139 total time=   0.1s
[CV 3/3] END algorithm=ball_tree, eps=0.1, min_samples=1;, score=0.173 total time=   0.1s
[CV 1/3] END algorithm=ball_tree, eps=0.1, min_samples=3;, score=0.379 total time=   0.1s
[CV 2/3] END algorithm=ball_tree, eps=0.1, min_samples=3;, score=0.139 total time=   0.1s
[CV 3/3] END algorithm=ball_tree, eps=0.1, min_samples=3;, score=0.173 total time=   0.1s
[CV 1/3] END algorithm=ball_tree, eps=0.1, min_samples=5;, score=0.368 total time=   0.1s
[CV 2/3] END algorithm=ball_tree, eps=0.1, min_samples=5;, score=0.123 total time=   0.1s
[CV 3/3] END algorithm=ball_tree, eps=0.1, min_samples=5;, score=0.164 total time=   0.1s
[CV 1/3] END algorithm=ball_tree, eps=0.3, min_samples=1;, score=0.246 total time=   0.1s
[CV 2/3] END algorithm=ball_tree, eps=0.3, min_samples=1;, score=0.190 total time=   0.1s
[CV 3/3] END algorithm=ball_tree, eps=0.3, min_samples=1;, score=0.235 total time=   0.1s
[CV 1/3] END algorithm=ball_tree, eps=0.3, min_samples=3;, score=0.246 total time=   0.1s
[CV 2/3] END algorithm=ball_tree, eps=0.3, min_samples=3;, score=0.190 total time=   0.1s
[CV 3/3] END algorithm=ball_tree, eps=0.3, min_samples=3;, score=0.235 total time=   0.1s
[CV 1/3] END algorithm=ball_tree, eps=0.3, min_samples=5;, score=0.258 total time=   0.1s
[CV 2/3] END algorithm=ball_tree, eps=0.3, min_samples=5;, score=0.190 total time=   0.1s
[CV 3/3] END algorithm=ball_tree, eps=0.3, min_samples=5;, score=0.226 total time=   0.1s
[CV 1/3] END algorithm=ball_tree, eps=0.5, min_samples=1;, score=0.171 total time=   0.1s
[CV 2/3] END algorithm=ball_tree, eps=0.5, min_samples=1;, score=0.193 total time=   0.1s
[CV 3/3] END algorithm=ball_tree, eps=0.5, min_samples=1;, score=0.239 total time=   0.1s
[CV 1/3] END algorithm=ball_tree, eps=0.5, min_samples=3;, score=0.171 total time=   0.1s
[CV 2/3] END algorithm=ball_tree, eps=0.5, min_samples=3;, score=0.193 total time=   0.1s
[CV 3/3] END algorithm=ball_tree, eps=0.5, min_samples=3;, score=0.239 total time=   0.1s
[CV 1/3] END algorithm=ball_tree, eps=0.5, min_samples=5;, score=0.171 total time=   0.1s
[CV 2/3] END algorithm=ball_tree, eps=0.5, min_samples=5;, score=0.193 total time=   0.1s
[CV 3/3] END algorithm=ball_tree, eps=0.5, min_samples=5;, score=0.239 total time=   0.1s
[CV 1/3] END algorithm=ball_tree, eps=1, min_samples=1;, score=0.080 total time=   0.2s
[CV 2/3] END algorithm=ball_tree, eps=1, min_samples=1;, score=0.256 total time=   0.2s
[CV 3/3] END algorithm=ball_tree, eps=1, min_samples=1;, score=0.230 total time=   0.2s
[CV 1/3] END algorithm=ball_tree, eps=1, min_samples=3;, score=0.080 total time=   0.2s
[CV 2/3] END algorithm=ball_tree, eps=1, min_samples=3;, score=0.256 total time=   0.2s
[CV 3/3] END algorithm=ball_tree, eps=1, min_samples=3;, score=0.230 total time=   0.2s
[CV 1/3] END algorithm=ball_tree, eps=1, min_samples=5;, score=0.080 total time=   0.2s
[CV 2/3] END algorithm=ball_tree, eps=1, min_samples=5;, score=0.256 total time=   0.2s
[CV 3/3] END algorithm=ball_tree, eps=1, min_samples=5;, score=0.230 total time=   0.2s
[CV 1/3] END algorithm=brute, eps=0.1, min_samples=1;, score=0.381 total time=   0.1s
[CV 2/3] END algorithm=brute, eps=0.1, min_samples=1;, score=0.139 total time=   0.1s
[CV 3/3] END algorithm=brute, eps=0.1, min_samples=1;, score=0.173 total time=   0.1s
[CV 1/3] END algorithm=brute, eps=0.1, min_samples=3;, score=0.379 total time=   0.1s
[CV 2/3] END algorithm=brute, eps=0.1, min_samples=3;, score=0.139 total time=   0.1s
[CV 3/3] END algorithm=brute, eps=0.1, min_samples=3;, score=0.173 total time=   0.1s
[CV 1/3] END algorithm=brute, eps=0.1, min_samples=5;, score=0.368 total time=   0.1s
[CV 2/3] END algorithm=brute, eps=0.1, min_samples=5;, score=0.123 total time=   0.1s
[CV 3/3] END algorithm=brute, eps=0.1, min_samples=5;, score=0.164 total time=   0.1s
[CV 1/3] END algorithm=brute, eps=0.3, min_samples=1;, score=0.246 total time=   0.1s
[CV 2/3] END algorithm=brute, eps=0.3, min_samples=1;, score=0.190 total time=   0.1s
[CV 3/3] END algorithm=brute, eps=0.3, min_samples=1;, score=0.235 total time=   0.1s
[CV 1/3] END algorithm=brute, eps=0.3, min_samples=3;, score=0.246 total time=   0.1s
[CV 2/3] END algorithm=brute, eps=0.3, min_samples=3;, score=0.190 total time=   0.1s
[CV 3/3] END algorithm=brute, eps=0.3, min_samples=3;, score=0.235 total time=   0.1s
[CV 1/3] END algorithm=brute, eps=0.3, min_samples=5;, score=0.258 total time=   0.1s
[CV 2/3] END algorithm=brute, eps=0.3, min_samples=5;, score=0.190 total time=   0.1s
[CV 3/3] END algorithm=brute, eps=0.3, min_samples=5;, score=0.226 total time=   0.1s
[CV 1/3] END algorithm=brute, eps=0.5, min_samples=1;, score=0.171 total time=   0.1s
[CV 2/3] END algorithm=brute, eps=0.5, min_samples=1;, score=0.193 total time=   0.1s
[CV 3/3] END algorithm=brute, eps=0.5, min_samples=1;, score=0.239 total time=   0.1s
[CV 1/3] END algorithm=brute, eps=0.5, min_samples=3;, score=0.171 total time=   0.1s
[CV 2/3] END algorithm=brute, eps=0.5, min_samples=3;, score=0.193 total time=   0.1s
[CV 3/3] END algorithm=brute, eps=0.5, min_samples=3;, score=0.239 total time=   0.1s
[CV 1/3] END algorithm=brute, eps=0.5, min_samples=5;, score=0.171 total time=   0.1s
[CV 2/3] END algorithm=brute, eps=0.5, min_samples=5;, score=0.193 total time=   0.1s
[CV 3/3] END algorithm=brute, eps=0.5, min_samples=5;, score=0.239 total time=   0.1s
[CV 1/3] END algorithm=brute, eps=1, min_samples=1;, score=0.080 total time=   0.2s
[CV 2/3] END algorithm=brute, eps=1, min_samples=1;, score=0.256 total time=   0.2s
[CV 3/3] END algorithm=brute, eps=1, min_samples=1;, score=0.230 total time=   0.2s
[CV 1/3] END algorithm=brute, eps=1, min_samples=3;, score=0.080 total time=   0.2s
[CV 2/3] END algorithm=brute, eps=1, min_samples=3;, score=0.256 total time=   0.2s
[CV 3/3] END algorithm=brute, eps=1, min_samples=3;, score=0.230 total time=   0.2s
[CV 1/3] END algorithm=brute, eps=1, min_samples=5;, score=0.080 total time=   0.2s
[CV 2/3] END algorithm=brute, eps=1, min_samples=5;, score=0.256 total time=   0.2s
[CV 3/3] END algorithm=brute, eps=1, min_samples=5;, score=0.230 total time=   0.2s
