Fitting 3 folds for each of 15 candidates, totalling 45 fits
[CV 1/3] END assign_labels=kmeans, n_clusters=2, random_state=123;, score=0.003 total time=  12.5s
[CV 2/3] END assign_labels=kmeans, n_clusters=2, random_state=123;, score=0.014 total time=  16.5s
[CV 3/3] END assign_labels=kmeans, n_clusters=2, random_state=123;, score=-0.002 total time=   8.7s
[CV 1/3] END assign_labels=kmeans, n_clusters=4, random_state=123;, score=0.019 total time=   9.3s
[CV 2/3] END assign_labels=kmeans, n_clusters=4, random_state=123;, score=0.220 total time=  15.7s
[CV 3/3] END assign_labels=kmeans, n_clusters=4, random_state=123;, score=0.115 total time=  10.3s
[CV 1/3] END assign_labels=kmeans, n_clusters=8, random_state=123;, score=0.090 total time=   8.3s
[CV 2/3] END assign_labels=kmeans, n_clusters=8, random_state=123;, score=0.153 total time=  10.6s
[CV 3/3] END assign_labels=kmeans, n_clusters=8, random_state=123;, score=0.195 total time=   9.0s
[CV 1/3] END assign_labels=kmeans, n_clusters=16, random_state=123;, score=0.197 total time=   9.2s
[CV 2/3] END assign_labels=kmeans, n_clusters=16, random_state=123;, score=0.139 total time=   9.9s
[CV 3/3] END assign_labels=kmeans, n_clusters=16, random_state=123;, score=0.163 total time=  10.3s
[CV 1/3] END assign_labels=kmeans, n_clusters=32, random_state=123;, score=0.130 total time=  12.2s
[CV 2/3] END assign_labels=kmeans, n_clusters=32, random_state=123;, score=0.099 total time=  12.0s
[CV 3/3] END assign_labels=kmeans, n_clusters=32, random_state=123;, score=0.142 total time=  12.1s
[CV 1/3] END assign_labels=discretize, n_clusters=2, random_state=123;, score=0.003 total time=  11.6s
[CV 2/3] END assign_labels=discretize, n_clusters=2, random_state=123;, score=0.014 total time=  15.9s
[CV 3/3] END assign_labels=discretize, n_clusters=2, random_state=123;, score=-0.002 total time=   8.3s
[CV 1/3] END assign_labels=discretize, n_clusters=4, random_state=123;, score=0.060 total time=   8.6s
[CV 2/3] END assign_labels=discretize, n_clusters=4, random_state=123;, score=0.223 total time=  13.5s
[CV 3/3] END assign_labels=discretize, n_clusters=4, random_state=123;, score=0.116 total time=   8.5s
[CV 1/3] END assign_labels=discretize, n_clusters=8, random_state=123;, score=0.100 total time=   6.8s
[CV 2/3] END assign_labels=discretize, n_clusters=8, random_state=123;, score=0.158 total time=   8.8s
[CV 3/3] END assign_labels=discretize, n_clusters=8, random_state=123;, score=0.203 total time=   7.5s
[CV 1/3] END assign_labels=discretize, n_clusters=16, random_state=123;, score=0.230 total time=   6.7s
[CV 2/3] END assign_labels=discretize, n_clusters=16, random_state=123;, score=0.194 total time=   7.3s
[CV 3/3] END assign_labels=discretize, n_clusters=16, random_state=123;, score=0.238 total time=   7.1s
[CV 1/3] END assign_labels=discretize, n_clusters=32, random_state=123;, score=0.314 total time=   8.3s
[CV 2/3] END assign_labels=discretize, n_clusters=32, random_state=123;, score=0.184 total time=   8.6s
[CV 3/3] END assign_labels=discretize, n_clusters=32, random_state=123;, score=0.174 total time=   8.4s
[CV 1/3] END assign_labels=cluster_qr, n_clusters=2, random_state=123;, score=0.001 total time=  11.7s
[CV 2/3] END assign_labels=cluster_qr, n_clusters=2, random_state=123;, score=0.014 total time=  15.3s
[CV 3/3] END assign_labels=cluster_qr, n_clusters=2, random_state=123;, score=-0.002 total time=   8.3s
[CV 1/3] END assign_labels=cluster_qr, n_clusters=4, random_state=123;, score=0.060 total time=   8.2s
[CV 2/3] END assign_labels=cluster_qr, n_clusters=4, random_state=123;, score=0.229 total time=  14.0s
[CV 3/3] END assign_labels=cluster_qr, n_clusters=4, random_state=123;, score=0.117 total time=   8.5s
[CV 1/3] END assign_labels=cluster_qr, n_clusters=8, random_state=123;, score=0.197 total time=   6.7s
[CV 2/3] END assign_labels=cluster_qr, n_clusters=8, random_state=123;, score=0.162 total time=   8.7s
[CV 3/3] END assign_labels=cluster_qr, n_clusters=8, random_state=123;, score=0.202 total time=   7.4s
[CV 1/3] END assign_labels=cluster_qr, n_clusters=16, random_state=123;, score=0.240 total time=   6.7s
[CV 2/3] END assign_labels=cluster_qr, n_clusters=16, random_state=123;, score=0.317 total time=   7.5s
[CV 3/3] END assign_labels=cluster_qr, n_clusters=16, random_state=123;, score=0.284 total time=   7.5s
[CV 1/3] END assign_labels=cluster_qr, n_clusters=32, random_state=123;, score=0.324 total time=   8.1s
[CV 2/3] END assign_labels=cluster_qr, n_clusters=32, random_state=123;, score=0.232 total time=   8.5s
[CV 3/3] END assign_labels=cluster_qr, n_clusters=32, random_state=123;, score=0.238 total time=   7.9s
