Fitting 3 folds for each of 48, totaling 144 fits
[CV 1/3] END eps1=0.1, eps2=0.1, min_samples=1;, score=0.943 total time=   0.1
[CV 2/3] END eps1=0.1, eps2=0.1, min_samples=1;, score=0.943 total time=   0.1
[CV 3/3] END eps1=0.1, eps2=0.1, min_samples=1;, score=0.943 total time=   0.1
[CV 1/3] END eps1=0.1, eps2=0.1, min_samples=3;, score=0.941 total time=   0.1
[CV 2/3] END eps1=0.1, eps2=0.1, min_samples=3;, score=0.941 total time=   0.1
[CV 3/3] END eps1=0.1, eps2=0.1, min_samples=3;, score=0.941 total time=   0.1
[CV 1/3] END eps1=0.1, eps2=0.1, min_samples=5;, score=0.931 total time=   0.1
[CV 2/3] END eps1=0.1, eps2=0.1, min_samples=5;, score=0.931 total time=   0.1
[CV 3/3] END eps1=0.1, eps2=0.1, min_samples=5;, score=0.931 total time=   0.1
[CV 1/3] END eps1=0.1, eps2=0.3, min_samples=1;, score=0.720 total time=   0.1
[CV 2/3] END eps1=0.1, eps2=0.3, min_samples=1;, score=0.720 total time=   0.1
[CV 3/3] END eps1=0.1, eps2=0.3, min_samples=1;, score=0.720 total time=   0.1
[CV 1/3] END eps1=0.1, eps2=0.3, min_samples=3;, score=0.720 total time=   0.1
[CV 2/3] END eps1=0.1, eps2=0.3, min_samples=3;, score=0.720 total time=   0.1
[CV 3/3] END eps1=0.1, eps2=0.3, min_samples=3;, score=0.720 total time=   0.1
[CV 1/3] END eps1=0.1, eps2=0.3, min_samples=5;, score=0.718 total time=   0.1
[CV 2/3] END eps1=0.1, eps2=0.3, min_samples=5;, score=0.718 total time=   0.1
[CV 3/3] END eps1=0.1, eps2=0.3, min_samples=5;, score=0.718 total time=   0.1
[CV 1/3] END eps1=0.1, eps2=0.5, min_samples=1;, score=0.720 total time=   0.1
[CV 2/3] END eps1=0.1, eps2=0.5, min_samples=1;, score=0.720 total time=   0.1
[CV 3/3] END eps1=0.1, eps2=0.5, min_samples=1;, score=0.720 total time=   0.1
[CV 1/3] END eps1=0.1, eps2=0.5, min_samples=3;, score=0.720 total time=   0.1
[CV 2/3] END eps1=0.1, eps2=0.5, min_samples=3;, score=0.720 total time=   0.1
[CV 3/3] END eps1=0.1, eps2=0.5, min_samples=3;, score=0.720 total time=   0.1
[CV 1/3] END eps1=0.1, eps2=0.5, min_samples=5;, score=0.718 total time=   0.1
[CV 2/3] END eps1=0.1, eps2=0.5, min_samples=5;, score=0.718 total time=   0.1
[CV 3/3] END eps1=0.1, eps2=0.5, min_samples=5;, score=0.718 total time=   0.1
[CV 1/3] END eps1=0.1, eps2=1, min_samples=1;, score=0.720 total time=   0.1
[CV 2/3] END eps1=0.1, eps2=1, min_samples=1;, score=0.720 total time=   0.1
[CV 3/3] END eps1=0.1, eps2=1, min_samples=1;, score=0.720 total time=   0.1
[CV 1/3] END eps1=0.1, eps2=1, min_samples=3;, score=0.720 total time=   0.1
[CV 2/3] END eps1=0.1, eps2=1, min_samples=3;, score=0.720 total time=   0.1
[CV 3/3] END eps1=0.1, eps2=1, min_samples=3;, score=0.720 total time=   0.1
[CV 1/3] END eps1=0.1, eps2=1, min_samples=5;, score=0.718 total time=   0.1
[CV 2/3] END eps1=0.1, eps2=1, min_samples=5;, score=0.718 total time=   0.1
[CV 3/3] END eps1=0.1, eps2=1, min_samples=5;, score=0.718 total time=   0.1
[CV 1/3] END eps1=0.3, eps2=0.1, min_samples=1;, score=0.946 total time=   0.1
[CV 2/3] END eps1=0.3, eps2=0.1, min_samples=1;, score=0.946 total time=   0.1
[CV 3/3] END eps1=0.3, eps2=0.1, min_samples=1;, score=0.946 total time=   0.1
[CV 1/3] END eps1=0.3, eps2=0.1, min_samples=3;, score=0.946 total time=   0.1
[CV 2/3] END eps1=0.3, eps2=0.1, min_samples=3;, score=0.946 total time=   0.1
[CV 3/3] END eps1=0.3, eps2=0.1, min_samples=3;, score=0.946 total time=   0.1
[CV 1/3] END eps1=0.3, eps2=0.1, min_samples=5;, score=0.943 total time=   0.1
[CV 2/3] END eps1=0.3, eps2=0.1, min_samples=5;, score=0.943 total time=   0.1
[CV 3/3] END eps1=0.3, eps2=0.1, min_samples=5;, score=0.943 total time=   0.1
[CV 1/3] END eps1=0.3, eps2=0.3, min_samples=1;, score=0.723 total time=   0.1
[CV 2/3] END eps1=0.3, eps2=0.3, min_samples=1;, score=0.723 total time=   0.1
[CV 3/3] END eps1=0.3, eps2=0.3, min_samples=1;, score=0.723 total time=   0.1
[CV 1/3] END eps1=0.3, eps2=0.3, min_samples=3;, score=0.723 total time=   0.1
[CV 2/3] END eps1=0.3, eps2=0.3, min_samples=3;, score=0.723 total time=   0.1
[CV 3/3] END eps1=0.3, eps2=0.3, min_samples=3;, score=0.723 total time=   0.1
[CV 1/3] END eps1=0.3, eps2=0.3, min_samples=5;, score=0.723 total time=   0.1
[CV 2/3] END eps1=0.3, eps2=0.3, min_samples=5;, score=0.723 total time=   0.1
[CV 3/3] END eps1=0.3, eps2=0.3, min_samples=5;, score=0.723 total time=   0.1
[CV 1/3] END eps1=0.3, eps2=0.5, min_samples=1;, score=0.724 total time=   0.1
[CV 2/3] END eps1=0.3, eps2=0.5, min_samples=1;, score=0.724 total time=   0.1
[CV 3/3] END eps1=0.3, eps2=0.5, min_samples=1;, score=0.724 total time=   0.1
[CV 1/3] END eps1=0.3, eps2=0.5, min_samples=3;, score=0.724 total time=   0.1
[CV 2/3] END eps1=0.3, eps2=0.5, min_samples=3;, score=0.724 total time=   0.1
[CV 3/3] END eps1=0.3, eps2=0.5, min_samples=3;, score=0.724 total time=   0.1
[CV 1/3] END eps1=0.3, eps2=0.5, min_samples=5;, score=0.724 total time=   0.1
[CV 2/3] END eps1=0.3, eps2=0.5, min_samples=5;, score=0.724 total time=   0.1
[CV 3/3] END eps1=0.3, eps2=0.5, min_samples=5;, score=0.724 total time=   0.1
[CV 1/3] END eps1=0.3, eps2=1, min_samples=1;, score=0.724 total time=   0.1
[CV 2/3] END eps1=0.3, eps2=1, min_samples=1;, score=0.724 total time=   0.1
[CV 3/3] END eps1=0.3, eps2=1, min_samples=1;, score=0.724 total time=   0.1
[CV 1/3] END eps1=0.3, eps2=1, min_samples=3;, score=0.724 total time=   0.1
[CV 2/3] END eps1=0.3, eps2=1, min_samples=3;, score=0.724 total time=   0.1
[CV 3/3] END eps1=0.3, eps2=1, min_samples=3;, score=0.724 total time=   0.1
[CV 1/3] END eps1=0.3, eps2=1, min_samples=5;, score=0.724 total time=   0.1
[CV 2/3] END eps1=0.3, eps2=1, min_samples=5;, score=0.724 total time=   0.1
[CV 3/3] END eps1=0.3, eps2=1, min_samples=5;, score=0.724 total time=   0.1
[CV 1/3] END eps1=0.5, eps2=0.1, min_samples=1;, score=0.946 total time=   0.1
[CV 2/3] END eps1=0.5, eps2=0.1, min_samples=1;, score=0.946 total time=   0.1
[CV 3/3] END eps1=0.5, eps2=0.1, min_samples=1;, score=0.946 total time=   0.1
[CV 1/3] END eps1=0.5, eps2=0.1, min_samples=3;, score=0.946 total time=   0.1
[CV 2/3] END eps1=0.5, eps2=0.1, min_samples=3;, score=0.946 total time=   0.1
[CV 3/3] END eps1=0.5, eps2=0.1, min_samples=3;, score=0.946 total time=   0.1
[CV 1/3] END eps1=0.5, eps2=0.1, min_samples=5;, score=0.945 total time=   0.1
[CV 2/3] END eps1=0.5, eps2=0.1, min_samples=5;, score=0.945 total time=   0.1
[CV 3/3] END eps1=0.5, eps2=0.1, min_samples=5;, score=0.945 total time=   0.1
[CV 1/3] END eps1=0.5, eps2=0.3, min_samples=1;, score=0.724 total time=   0.1
[CV 2/3] END eps1=0.5, eps2=0.3, min_samples=1;, score=0.724 total time=   0.1
[CV 3/3] END eps1=0.5, eps2=0.3, min_samples=1;, score=0.724 total time=   0.1
[CV 1/3] END eps1=0.5, eps2=0.3, min_samples=3;, score=0.724 total time=   0.1
[CV 2/3] END eps1=0.5, eps2=0.3, min_samples=3;, score=0.724 total time=   0.1
[CV 3/3] END eps1=0.5, eps2=0.3, min_samples=3;, score=0.724 total time=   0.1
[CV 1/3] END eps1=0.5, eps2=0.3, min_samples=5;, score=0.724 total time=   0.1
[CV 2/3] END eps1=0.5, eps2=0.3, min_samples=5;, score=0.724 total time=   0.1
[CV 3/3] END eps1=0.5, eps2=0.3, min_samples=5;, score=0.724 total time=   0.1
[CV 1/3] END eps1=0.5, eps2=0.5, min_samples=1;, score=0.560 total time=   0.1
[CV 2/3] END eps1=0.5, eps2=0.5, min_samples=1;, score=0.560 total time=   0.1
[CV 3/3] END eps1=0.5, eps2=0.5, min_samples=1;, score=0.560 total time=   0.1
[CV 1/3] END eps1=0.5, eps2=0.5, min_samples=3;, score=0.560 total time=   0.1
[CV 2/3] END eps1=0.5, eps2=0.5, min_samples=3;, score=0.560 total time=   0.1
[CV 3/3] END eps1=0.5, eps2=0.5, min_samples=3;, score=0.560 total time=   0.1
[CV 1/3] END eps1=0.5, eps2=0.5, min_samples=5;, score=0.560 total time=   0.1
[CV 2/3] END eps1=0.5, eps2=0.5, min_samples=5;, score=0.560 total time=   0.1
[CV 3/3] END eps1=0.5, eps2=0.5, min_samples=5;, score=0.560 total time=   0.1
[CV 1/3] END eps1=0.5, eps2=1, min_samples=1;, score=0.413 total time=   0.1
[CV 2/3] END eps1=0.5, eps2=1, min_samples=1;, score=0.413 total time=   0.1
[CV 3/3] END eps1=0.5, eps2=1, min_samples=1;, score=0.413 total time=   0.1
[CV 1/3] END eps1=0.5, eps2=1, min_samples=3;, score=0.413 total time=   0.1
[CV 2/3] END eps1=0.5, eps2=1, min_samples=3;, score=0.413 total time=   0.1
[CV 3/3] END eps1=0.5, eps2=1, min_samples=3;, score=0.413 total time=   0.1
[CV 1/3] END eps1=0.5, eps2=1, min_samples=5;, score=0.413 total time=   0.1
[CV 2/3] END eps1=0.5, eps2=1, min_samples=5;, score=0.413 total time=   0.1
[CV 3/3] END eps1=0.5, eps2=1, min_samples=5;, score=0.413 total time=   0.1
[CV 1/3] END eps1=1, eps2=0.1, min_samples=1;, score=0.724 total time=   0.1
[CV 2/3] END eps1=1, eps2=0.1, min_samples=1;, score=0.724 total time=   0.1
[CV 3/3] END eps1=1, eps2=0.1, min_samples=1;, score=0.724 total time=   0.1
[CV 1/3] END eps1=1, eps2=0.1, min_samples=3;, score=0.724 total time=   0.1
[CV 2/3] END eps1=1, eps2=0.1, min_samples=3;, score=0.724 total time=   0.1
[CV 3/3] END eps1=1, eps2=0.1, min_samples=3;, score=0.724 total time=   0.1
[CV 1/3] END eps1=1, eps2=0.1, min_samples=5;, score=0.724 total time=   0.1
[CV 2/3] END eps1=1, eps2=0.1, min_samples=5;, score=0.724 total time=   0.1
[CV 3/3] END eps1=1, eps2=0.1, min_samples=5;, score=0.724 total time=   0.1
[CV 1/3] END eps1=1, eps2=0.3, min_samples=1;, score=0.559 total time=   0.1
[CV 2/3] END eps1=1, eps2=0.3, min_samples=1;, score=0.559 total time=   0.1
[CV 3/3] END eps1=1, eps2=0.3, min_samples=1;, score=0.559 total time=   0.1
[CV 1/3] END eps1=1, eps2=0.3, min_samples=3;, score=0.559 total time=   0.1
[CV 2/3] END eps1=1, eps2=0.3, min_samples=3;, score=0.559 total time=   0.1
[CV 3/3] END eps1=1, eps2=0.3, min_samples=3;, score=0.559 total time=   0.1
[CV 1/3] END eps1=1, eps2=0.3, min_samples=5;, score=0.559 total time=   0.1
[CV 2/3] END eps1=1, eps2=0.3, min_samples=5;, score=0.559 total time=   0.1
[CV 3/3] END eps1=1, eps2=0.3, min_samples=5;, score=0.559 total time=   0.1
[CV 1/3] END eps1=1, eps2=0.5, min_samples=1;, score=0.564 total time=   0.1
[CV 2/3] END eps1=1, eps2=0.5, min_samples=1;, score=0.564 total time=   0.1
[CV 3/3] END eps1=1, eps2=0.5, min_samples=1;, score=0.564 total time=   0.1
[CV 1/3] END eps1=1, eps2=0.5, min_samples=3;, score=0.564 total time=   0.1
[CV 2/3] END eps1=1, eps2=0.5, min_samples=3;, score=0.564 total time=   0.1
[CV 3/3] END eps1=1, eps2=0.5, min_samples=3;, score=0.564 total time=   0.1
[CV 1/3] END eps1=1, eps2=0.5, min_samples=5;, score=0.564 total time=   0.1
[CV 2/3] END eps1=1, eps2=0.5, min_samples=5;, score=0.564 total time=   0.1
[CV 3/3] END eps1=1, eps2=0.5, min_samples=5;, score=0.564 total time=   0.1
[CV 1/3] END eps1=1, eps2=1, min_samples=1;, score=0.372 total time=   0.1
[CV 2/3] END eps1=1, eps2=1, min_samples=1;, score=0.372 total time=   0.1
[CV 3/3] END eps1=1, eps2=1, min_samples=1;, score=0.372 total time=   0.1
[CV 1/3] END eps1=1, eps2=1, min_samples=3;, score=0.372 total time=   0.1
[CV 2/3] END eps1=1, eps2=1, min_samples=3;, score=0.372 total time=   0.1
[CV 3/3] END eps1=1, eps2=1, min_samples=3;, score=0.372 total time=   0.1
[CV 1/3] END eps1=1, eps2=1, min_samples=5;, score=0.372 total time=   0.1
[CV 2/3] END eps1=1, eps2=1, min_samples=5;, score=0.372 total time=   0.1
[CV 3/3] END eps1=1, eps2=1, min_samples=5;, score=0.372 total time=   0.1
