Fitting 3 folds for each of 20 candidates, totalling 60 fits
[CV 1/3] END ........linkage=ward, n_clusters=2;, score=0.222 total time=   0.0s
[CV 2/3] END ........linkage=ward, n_clusters=2;, score=0.332 total time=   0.0s
[CV 3/3] END ........linkage=ward, n_clusters=2;, score=0.528 total time=   0.0s
[CV 1/3] END ........linkage=ward, n_clusters=4;, score=0.382 total time=   0.0s
[CV 2/3] END ........linkage=ward, n_clusters=4;, score=0.410 total time=   0.0s
[CV 3/3] END ........linkage=ward, n_clusters=4;, score=0.749 total time=   0.0s
[CV 1/3] END ........linkage=ward, n_clusters=8;, score=0.558 total time=   0.0s
[CV 2/3] END ........linkage=ward, n_clusters=8;, score=0.519 total time=   0.0s
[CV 3/3] END ........linkage=ward, n_clusters=8;, score=0.382 total time=   0.0s
[CV 1/3] END .......linkage=ward, n_clusters=16;, score=0.539 total time=   0.0s
[CV 2/3] END .......linkage=ward, n_clusters=16;, score=0.313 total time=   0.0s
[CV 3/3] END .......linkage=ward, n_clusters=16;, score=0.294 total time=   0.0s
[CV 1/3] END .......linkage=ward, n_clusters=32;, score=0.330 total time=   0.0s
[CV 2/3] END .......linkage=ward, n_clusters=32;, score=0.166 total time=   0.0s
[CV 3/3] END .......linkage=ward, n_clusters=32;, score=0.158 total time=   0.0s
[CV 1/3] END ....linkage=complete, n_clusters=2;, score=0.221 total time=   0.0s
[CV 2/3] END ....linkage=complete, n_clusters=2;, score=0.353 total time=   0.0s
[CV 3/3] END ....linkage=complete, n_clusters=2;, score=0.245 total time=   0.0s
[CV 1/3] END ....linkage=complete, n_clusters=4;, score=0.412 total time=   0.0s
[CV 2/3] END ....linkage=complete, n_clusters=4;, score=0.369 total time=   0.0s
[CV 3/3] END ....linkage=complete, n_clusters=4;, score=0.733 total time=   0.0s
[CV 1/3] END ....linkage=complete, n_clusters=8;, score=0.615 total time=   0.0s
[CV 2/3] END ....linkage=complete, n_clusters=8;, score=0.415 total time=   0.0s
[CV 3/3] END ....linkage=complete, n_clusters=8;, score=0.448 total time=   0.0s
[CV 1/3] END ...linkage=complete, n_clusters=16;, score=0.504 total time=   0.0s
[CV 2/3] END ...linkage=complete, n_clusters=16;, score=0.350 total time=   0.0s
[CV 3/3] END ...linkage=complete, n_clusters=16;, score=0.244 total time=   0.0s
[CV 1/3] END ...linkage=complete, n_clusters=32;, score=0.495 total time=   0.0s
[CV 2/3] END ...linkage=complete, n_clusters=32;, score=0.170 total time=   0.0s
[CV 3/3] END ...linkage=complete, n_clusters=32;, score=0.173 total time=   0.0s
[CV 1/3] END .....linkage=average, n_clusters=2;, score=0.218 total time=   0.0s
[CV 2/3] END .....linkage=average, n_clusters=2;, score=0.332 total time=   0.0s
[CV 3/3] END .....linkage=average, n_clusters=2;, score=0.528 total time=   0.0s
[CV 1/3] END .....linkage=average, n_clusters=4;, score=0.422 total time=   0.0s
[CV 2/3] END .....linkage=average, n_clusters=4;, score=0.480 total time=   0.0s
[CV 3/3] END .....linkage=average, n_clusters=4;, score=0.744 total time=   0.0s
[CV 1/3] END .....linkage=average, n_clusters=8;, score=0.604 total time=   0.0s
[CV 2/3] END .....linkage=average, n_clusters=8;, score=0.506 total time=   0.0s
[CV 3/3] END .....linkage=average, n_clusters=8;, score=0.530 total time=   0.0s
[CV 1/3] END ....linkage=average, n_clusters=16;, score=0.776 total time=   0.0s
[CV 2/3] END ....linkage=average, n_clusters=16;, score=0.333 total time=   0.0s
[CV 3/3] END ....linkage=average, n_clusters=16;, score=0.309 total time=   0.0s
[CV 1/3] END ....linkage=average, n_clusters=32;, score=0.586 total time=   0.0s
[CV 2/3] END ....linkage=average, n_clusters=32;, score=0.187 total time=   0.0s
[CV 3/3] END ....linkage=average, n_clusters=32;, score=0.181 total time=   0.0s
[CV 1/3] END ......linkage=single, n_clusters=2;, score=0.179 total time=   0.0s
[CV 2/3] END ......linkage=single, n_clusters=2;, score=0.332 total time=   0.0s
[CV 3/3] END ......linkage=single, n_clusters=2;, score=0.528 total time=   0.0s
[CV 1/3] END ......linkage=single, n_clusters=4;, score=0.227 total time=   0.0s
[CV 2/3] END ......linkage=single, n_clusters=4;, score=1.000 total time=   0.0s
[CV 3/3] END ......linkage=single, n_clusters=4;, score=1.000 total time=   0.0s
[CV 1/3] END ......linkage=single, n_clusters=8;, score=0.281 total time=   0.0s
[CV 2/3] END ......linkage=single, n_clusters=8;, score=0.935 total time=   0.0s
[CV 3/3] END ......linkage=single, n_clusters=8;, score=0.968 total time=   0.0s
[CV 1/3] END .....linkage=single, n_clusters=16;, score=0.854 total time=   0.0s
[CV 2/3] END .....linkage=single, n_clusters=16;, score=0.792 total time=   0.0s
[CV 3/3] END .....linkage=single, n_clusters=16;, score=0.875 total time=   0.0s
[CV 1/3] END .....linkage=single, n_clusters=32;, score=0.805 total time=   0.0s
[CV 2/3] END .....linkage=single, n_clusters=32;, score=0.745 total time=   0.0s
[CV 3/3] END .....linkage=single, n_clusters=32;, score=0.722 total time=   0.0s
