Fitting 3 folds for each of 36 candidates, totalling 108 fits
[CV 1/3] END algorithm=kd_tree, eps=0.1, min_samples=1;, score=0.718 total time=   0.0s
[CV 2/3] END algorithm=kd_tree, eps=0.1, min_samples=1;, score=1.000 total time=   0.0s
[CV 3/3] END algorithm=kd_tree, eps=0.1, min_samples=1;, score=1.000 total time=   0.0s
[CV 1/3] END algorithm=kd_tree, eps=0.1, min_samples=3;, score=0.709 total time=   0.0s
[CV 2/3] END algorithm=kd_tree, eps=0.1, min_samples=3;, score=1.000 total time=   0.0s
[CV 3/3] END algorithm=kd_tree, eps=0.1, min_samples=3;, score=1.000 total time=   0.0s
[CV 1/3] END algorithm=kd_tree, eps=0.1, min_samples=5;, score=0.671 total time=   0.0s
[CV 2/3] END algorithm=kd_tree, eps=0.1, min_samples=5;, score=1.000 total time=   0.0s
[CV 3/3] END algorithm=kd_tree, eps=0.1, min_samples=5;, score=1.000 total time=   0.0s
[CV 1/3] END algorithm=kd_tree, eps=0.3, min_samples=1;, score=0.755 total time=   0.0s
[CV 2/3] END algorithm=kd_tree, eps=0.3, min_samples=1;, score=1.000 total time=   0.0s
[CV 3/3] END algorithm=kd_tree, eps=0.3, min_samples=1;, score=0.784 total time=   0.0s
[CV 1/3] END algorithm=kd_tree, eps=0.3, min_samples=3;, score=0.755 total time=   0.0s
[CV 2/3] END algorithm=kd_tree, eps=0.3, min_samples=3;, score=1.000 total time=   0.0s
[CV 3/3] END algorithm=kd_tree, eps=0.3, min_samples=3;, score=0.784 total time=   0.0s
[CV 1/3] END algorithm=kd_tree, eps=0.3, min_samples=5;, score=0.753 total time=   0.0s
[CV 2/3] END algorithm=kd_tree, eps=0.3, min_samples=5;, score=1.000 total time=   0.0s
[CV 3/3] END algorithm=kd_tree, eps=0.3, min_samples=5;, score=0.784 total time=   0.0s
[CV 1/3] END algorithm=kd_tree, eps=0.5, min_samples=1;, score=0.776 total time=   0.0s
[CV 2/3] END algorithm=kd_tree, eps=0.5, min_samples=1;, score=1.000 total time=   0.0s
[CV 3/3] END algorithm=kd_tree, eps=0.5, min_samples=1;, score=0.784 total time=   0.0s
[CV 1/3] END algorithm=kd_tree, eps=0.5, min_samples=3;, score=0.776 total time=   0.0s
[CV 2/3] END algorithm=kd_tree, eps=0.5, min_samples=3;, score=1.000 total time=   0.0s
[CV 3/3] END algorithm=kd_tree, eps=0.5, min_samples=3;, score=0.784 total time=   0.0s
[CV 1/3] END algorithm=kd_tree, eps=0.5, min_samples=5;, score=0.775 total time=   0.0s
[CV 2/3] END algorithm=kd_tree, eps=0.5, min_samples=5;, score=1.000 total time=   0.0s
[CV 3/3] END algorithm=kd_tree, eps=0.5, min_samples=5;, score=0.784 total time=   0.0s
[CV 1/3] END algorithm=kd_tree, eps=1, min_samples=1;, score=0.851 total time=   0.0s
[CV 2/3] END algorithm=kd_tree, eps=1, min_samples=1;, score=0.332 total time=   0.0s
[CV 3/3] END algorithm=kd_tree, eps=1, min_samples=1;, score=0.784 total time=   0.0s
[CV 1/3] END algorithm=kd_tree, eps=1, min_samples=3;, score=0.851 total time=   0.0s
[CV 2/3] END algorithm=kd_tree, eps=1, min_samples=3;, score=0.332 total time=   0.0s
[CV 3/3] END algorithm=kd_tree, eps=1, min_samples=3;, score=0.784 total time=   0.0s
[CV 1/3] END algorithm=kd_tree, eps=1, min_samples=5;, score=0.851 total time=   0.0s
[CV 2/3] END algorithm=kd_tree, eps=1, min_samples=5;, score=0.332 total time=   0.0s
[CV 3/3] END algorithm=kd_tree, eps=1, min_samples=5;, score=0.784 total time=   0.0s
[CV 1/3] END algorithm=ball_tree, eps=0.1, min_samples=1;, score=0.718 total time=   0.0s
[CV 2/3] END algorithm=ball_tree, eps=0.1, min_samples=1;, score=1.000 total time=   0.0s
[CV 3/3] END algorithm=ball_tree, eps=0.1, min_samples=1;, score=1.000 total time=   0.0s
[CV 1/3] END algorithm=ball_tree, eps=0.1, min_samples=3;, score=0.709 total time=   0.0s
[CV 2/3] END algorithm=ball_tree, eps=0.1, min_samples=3;, score=1.000 total time=   0.0s
[CV 3/3] END algorithm=ball_tree, eps=0.1, min_samples=3;, score=1.000 total time=   0.0s
[CV 1/3] END algorithm=ball_tree, eps=0.1, min_samples=5;, score=0.671 total time=   0.0s
[CV 2/3] END algorithm=ball_tree, eps=0.1, min_samples=5;, score=1.000 total time=   0.0s
[CV 3/3] END algorithm=ball_tree, eps=0.1, min_samples=5;, score=1.000 total time=   0.0s
[CV 1/3] END algorithm=ball_tree, eps=0.3, min_samples=1;, score=0.755 total time=   0.0s
[CV 2/3] END algorithm=ball_tree, eps=0.3, min_samples=1;, score=1.000 total time=   0.0s
[CV 3/3] END algorithm=ball_tree, eps=0.3, min_samples=1;, score=0.784 total time=   0.0s
[CV 1/3] END algorithm=ball_tree, eps=0.3, min_samples=3;, score=0.755 total time=   0.0s
[CV 2/3] END algorithm=ball_tree, eps=0.3, min_samples=3;, score=1.000 total time=   0.0s
[CV 3/3] END algorithm=ball_tree, eps=0.3, min_samples=3;, score=0.784 total time=   0.0s
[CV 1/3] END algorithm=ball_tree, eps=0.3, min_samples=5;, score=0.753 total time=   0.0s
[CV 2/3] END algorithm=ball_tree, eps=0.3, min_samples=5;, score=1.000 total time=   0.0s
[CV 3/3] END algorithm=ball_tree, eps=0.3, min_samples=5;, score=0.784 total time=   0.0s
[CV 1/3] END algorithm=ball_tree, eps=0.5, min_samples=1;, score=0.776 total time=   0.0s
[CV 2/3] END algorithm=ball_tree, eps=0.5, min_samples=1;, score=1.000 total time=   0.0s
[CV 3/3] END algorithm=ball_tree, eps=0.5, min_samples=1;, score=0.784 total time=   0.0s
[CV 1/3] END algorithm=ball_tree, eps=0.5, min_samples=3;, score=0.776 total time=   0.0s
[CV 2/3] END algorithm=ball_tree, eps=0.5, min_samples=3;, score=1.000 total time=   0.0s
[CV 3/3] END algorithm=ball_tree, eps=0.5, min_samples=3;, score=0.784 total time=   0.0s
[CV 1/3] END algorithm=ball_tree, eps=0.5, min_samples=5;, score=0.775 total time=   0.0s
[CV 2/3] END algorithm=ball_tree, eps=0.5, min_samples=5;, score=1.000 total time=   0.0s
[CV 3/3] END algorithm=ball_tree, eps=0.5, min_samples=5;, score=0.784 total time=   0.0s
[CV 1/3] END algorithm=ball_tree, eps=1, min_samples=1;, score=0.851 total time=   0.0s
[CV 2/3] END algorithm=ball_tree, eps=1, min_samples=1;, score=0.332 total time=   0.0s
[CV 3/3] END algorithm=ball_tree, eps=1, min_samples=1;, score=0.784 total time=   0.0s
[CV 1/3] END algorithm=ball_tree, eps=1, min_samples=3;, score=0.851 total time=   0.0s
[CV 2/3] END algorithm=ball_tree, eps=1, min_samples=3;, score=0.332 total time=   0.0s
[CV 3/3] END algorithm=ball_tree, eps=1, min_samples=3;, score=0.784 total time=   0.0s
[CV 1/3] END algorithm=ball_tree, eps=1, min_samples=5;, score=0.851 total time=   0.0s
[CV 2/3] END algorithm=ball_tree, eps=1, min_samples=5;, score=0.332 total time=   0.0s
[CV 3/3] END algorithm=ball_tree, eps=1, min_samples=5;, score=0.784 total time=   0.0s
[CV 1/3] END algorithm=brute, eps=0.1, min_samples=1;, score=0.718 total time=   0.0s
[CV 2/3] END algorithm=brute, eps=0.1, min_samples=1;, score=1.000 total time=   0.0s
[CV 3/3] END algorithm=brute, eps=0.1, min_samples=1;, score=1.000 total time=   0.0s
[CV 1/3] END algorithm=brute, eps=0.1, min_samples=3;, score=0.709 total time=   0.0s
[CV 2/3] END algorithm=brute, eps=0.1, min_samples=3;, score=1.000 total time=   0.0s
[CV 3/3] END algorithm=brute, eps=0.1, min_samples=3;, score=1.000 total time=   0.0s
[CV 1/3] END algorithm=brute, eps=0.1, min_samples=5;, score=0.671 total time=   0.0s
[CV 2/3] END algorithm=brute, eps=0.1, min_samples=5;, score=1.000 total time=   0.0s
[CV 3/3] END algorithm=brute, eps=0.1, min_samples=5;, score=1.000 total time=   0.0s
[CV 1/3] END algorithm=brute, eps=0.3, min_samples=1;, score=0.755 total time=   0.0s
[CV 2/3] END algorithm=brute, eps=0.3, min_samples=1;, score=1.000 total time=   0.0s
[CV 3/3] END algorithm=brute, eps=0.3, min_samples=1;, score=0.784 total time=   0.0s
[CV 1/3] END algorithm=brute, eps=0.3, min_samples=3;, score=0.755 total time=   0.0s
[CV 2/3] END algorithm=brute, eps=0.3, min_samples=3;, score=1.000 total time=   0.0s
[CV 3/3] END algorithm=brute, eps=0.3, min_samples=3;, score=0.784 total time=   0.0s
[CV 1/3] END algorithm=brute, eps=0.3, min_samples=5;, score=0.753 total time=   0.0s
[CV 2/3] END algorithm=brute, eps=0.3, min_samples=5;, score=1.000 total time=   0.0s
[CV 3/3] END algorithm=brute, eps=0.3, min_samples=5;, score=0.784 total time=   0.0s
[CV 1/3] END algorithm=brute, eps=0.5, min_samples=1;, score=0.776 total time=   0.0s
[CV 2/3] END algorithm=brute, eps=0.5, min_samples=1;, score=1.000 total time=   0.0s
[CV 3/3] END algorithm=brute, eps=0.5, min_samples=1;, score=0.784 total time=   0.0s
[CV 1/3] END algorithm=brute, eps=0.5, min_samples=3;, score=0.776 total time=   0.0s
[CV 2/3] END algorithm=brute, eps=0.5, min_samples=3;, score=1.000 total time=   0.0s
[CV 3/3] END algorithm=brute, eps=0.5, min_samples=3;, score=0.784 total time=   0.0s
[CV 1/3] END algorithm=brute, eps=0.5, min_samples=5;, score=0.775 total time=   0.0s
[CV 2/3] END algorithm=brute, eps=0.5, min_samples=5;, score=1.000 total time=   0.0s
[CV 3/3] END algorithm=brute, eps=0.5, min_samples=5;, score=0.784 total time=   0.0s
[CV 1/3] END algorithm=brute, eps=1, min_samples=1;, score=0.851 total time=   0.0s
[CV 2/3] END algorithm=brute, eps=1, min_samples=1;, score=0.332 total time=   0.0s
[CV 3/3] END algorithm=brute, eps=1, min_samples=1;, score=0.784 total time=   0.0s
[CV 1/3] END algorithm=brute, eps=1, min_samples=3;, score=0.851 total time=   0.0s
[CV 2/3] END algorithm=brute, eps=1, min_samples=3;, score=0.332 total time=   0.0s
[CV 3/3] END algorithm=brute, eps=1, min_samples=3;, score=0.784 total time=   0.0s
[CV 1/3] END algorithm=brute, eps=1, min_samples=5;, score=0.851 total time=   0.0s
[CV 2/3] END algorithm=brute, eps=1, min_samples=5;, score=0.332 total time=   0.0s
[CV 3/3] END algorithm=brute, eps=1, min_samples=5;, score=0.784 total time=   0.0s
