Fitting 3 folds for each of 20 candidates, totalling 60 fits
[CV 1/3] END ........linkage=ward, n_clusters=2;, score=0.106 total time=   0.8s
[CV 2/3] END ........linkage=ward, n_clusters=2;, score=0.193 total time=   0.7s
[CV 3/3] END ........linkage=ward, n_clusters=2;, score=0.151 total time=   0.7s
[CV 1/3] END ........linkage=ward, n_clusters=4;, score=0.175 total time=   0.7s
[CV 2/3] END ........linkage=ward, n_clusters=4;, score=0.173 total time=   0.7s
[CV 3/3] END ........linkage=ward, n_clusters=4;, score=0.230 total time=   0.7s
[CV 1/3] END ........linkage=ward, n_clusters=8;, score=0.322 total time=   0.8s
[CV 2/3] END ........linkage=ward, n_clusters=8;, score=0.336 total time=   0.7s
[CV 3/3] END ........linkage=ward, n_clusters=8;, score=0.396 total time=   0.7s
[CV 1/3] END .......linkage=ward, n_clusters=16;, score=0.364 total time=   0.7s
[CV 2/3] END .......linkage=ward, n_clusters=16;, score=0.310 total time=   0.7s
[CV 3/3] END .......linkage=ward, n_clusters=16;, score=0.338 total time=   0.8s
[CV 1/3] END .......linkage=ward, n_clusters=32;, score=0.300 total time=   0.7s
[CV 2/3] END .......linkage=ward, n_clusters=32;, score=0.214 total time=   0.7s
[CV 3/3] END .......linkage=ward, n_clusters=32;, score=0.242 total time=   0.7s
[CV 1/3] END ....linkage=complete, n_clusters=2;, score=0.013 total time=   0.6s
[CV 2/3] END ....linkage=complete, n_clusters=2;, score=0.166 total time=   0.6s
[CV 3/3] END ....linkage=complete, n_clusters=2;, score=0.015 total time=   0.7s
[CV 1/3] END ....linkage=complete, n_clusters=4;, score=0.056 total time=   0.6s
[CV 2/3] END ....linkage=complete, n_clusters=4;, score=0.285 total time=   0.6s
[CV 3/3] END ....linkage=complete, n_clusters=4;, score=0.114 total time=   0.7s
[CV 1/3] END ....linkage=complete, n_clusters=8;, score=0.191 total time=   0.6s
[CV 2/3] END ....linkage=complete, n_clusters=8;, score=0.368 total time=   0.6s
[CV 3/3] END ....linkage=complete, n_clusters=8;, score=0.395 total time=   0.7s
[CV 1/3] END ...linkage=complete, n_clusters=16;, score=0.305 total time=   0.6s
[CV 2/3] END ...linkage=complete, n_clusters=16;, score=0.331 total time=   0.6s
[CV 3/3] END ...linkage=complete, n_clusters=16;, score=0.369 total time=   0.7s
[CV 1/3] END ...linkage=complete, n_clusters=32;, score=0.324 total time=   0.6s
[CV 2/3] END ...linkage=complete, n_clusters=32;, score=0.283 total time=   0.6s
[CV 3/3] END ...linkage=complete, n_clusters=32;, score=0.311 total time=   0.7s
[CV 1/3] END .....linkage=average, n_clusters=2;, score=0.057 total time=   0.6s
[CV 2/3] END .....linkage=average, n_clusters=2;, score=0.014 total time=   0.6s
[CV 3/3] END .....linkage=average, n_clusters=2;, score=0.062 total time=   0.7s
[CV 1/3] END .....linkage=average, n_clusters=4;, score=0.058 total time=   0.6s
[CV 2/3] END .....linkage=average, n_clusters=4;, score=0.193 total time=   0.6s
[CV 3/3] END .....linkage=average, n_clusters=4;, score=0.120 total time=   0.7s
[CV 1/3] END .....linkage=average, n_clusters=8;, score=0.131 total time=   0.6s
[CV 2/3] END .....linkage=average, n_clusters=8;, score=0.160 total time=   0.6s
[CV 3/3] END .....linkage=average, n_clusters=8;, score=0.221 total time=   0.6s
[CV 1/3] END ....linkage=average, n_clusters=16;, score=0.245 total time=   0.6s
[CV 2/3] END ....linkage=average, n_clusters=16;, score=0.168 total time=   0.6s
[CV 3/3] END ....linkage=average, n_clusters=16;, score=0.179 total time=   0.7s
[CV 1/3] END ....linkage=average, n_clusters=32;, score=0.363 total time=   0.6s
[CV 2/3] END ....linkage=average, n_clusters=32;, score=0.324 total time=   0.6s
[CV 3/3] END ....linkage=average, n_clusters=32;, score=0.335 total time=   0.7s
[CV 1/3] END ......linkage=single, n_clusters=2;, score=0.001 total time=   0.3s
[CV 2/3] END ......linkage=single, n_clusters=2;, score=0.014 total time=   0.2s
[CV 3/3] END ......linkage=single, n_clusters=2;, score=0.062 total time=   0.2s
[CV 1/3] END ......linkage=single, n_clusters=4;, score=0.018 total time=   0.3s
[CV 2/3] END ......linkage=single, n_clusters=4;, score=0.205 total time=   0.2s
[CV 3/3] END ......linkage=single, n_clusters=4;, score=0.147 total time=   0.2s
[CV 1/3] END ......linkage=single, n_clusters=8;, score=0.066 total time=   0.3s
[CV 2/3] END ......linkage=single, n_clusters=8;, score=0.241 total time=   0.2s
[CV 3/3] END ......linkage=single, n_clusters=8;, score=0.229 total time=   0.3s
[CV 1/3] END .....linkage=single, n_clusters=16;, score=0.153 total time=   0.3s
[CV 2/3] END .....linkage=single, n_clusters=16;, score=0.193 total time=   0.2s
[CV 3/3] END .....linkage=single, n_clusters=16;, score=0.238 total time=   0.3s
[CV 1/3] END .....linkage=single, n_clusters=32;, score=0.171 total time=   0.3s
[CV 2/3] END .....linkage=single, n_clusters=32;, score=0.192 total time=   0.2s
[CV 3/3] END .....linkage=single, n_clusters=32;, score=0.239 total time=   0.2s
